android/app/build/outputs/mapping/release/mapping.txt
# compiler: R8
# compiler_version: 1.5.64
# min_api: 24
# pg_map_id: f5ce412
...
com.google.firebase.auth.api.internal.zzdl -> com.google.firebase.auth.M.a.l0:
    com.google.firebase.auth.api.internal.zzdm zza -> a
    void accept(java.lang.Object,java.lang.Object) -> a
com.google.firebase.auth.api.internal.zzdm -> com.google.firebase.auth.M.a.m0:
    com.google.firebase.auth.UserProfileChangeRequest zza -> y
    java.lang.String zza() -> a
    void zza(com.google.firebase.auth.api.internal.zzdt,com.google.android.gms.tasks.TaskCompletionSource) -> a
    com.google.android.gms.common.api.internal.TaskApiCall zzb() -> b
    void zze() -> d
com.google.firebase.auth.api.internal.zzdp -> com.google.firebase.auth.M.a.n0:
    com.google.firebase.auth.api.internal.zzdq zza -> a
    void accept(java.lang.Object,java.lang.Object) -> a
com.google.firebase.auth.api.internal.zzdq -> com.google.firebase.auth.M.a.o0:
    com.google.android.gms.internal.firebase_auth.zzdd zza -> y
    java.lang.String zza() -> a
    void zza(com.google.firebase.auth.api.internal.zzdt,com.google.android.gms.tasks.TaskCompletionSource) -> a
    com.google.android.gms.common.api.internal.TaskApiCall zzb() -> b
    void zze() -> d
com.google.firebase.auth.api.internal.zzdr -> com.google.firebase.auth.M.a.p0:
    com.google.firebase.auth.api.internal.zzei zza -> a
    android.content.Context zzb -> b
    com.google.android.gms.common.api.GoogleApi zza(boolean,android.content.Context) -> a
    1:1:int com.google.android.gms.dynamite.DynamiteModule.getRemoteVersion(android.content.Context,java.lang.String):0:0 -> call
    1:1:java.lang.Object call():0 -> call
    2:2:java.lang.Object call():0:0 -> call
com.google.firebase.auth.api.internal.zzds -> com.google.firebase.auth.M.a.q0:
    int zzb -> b
    int zza -> a
    int zza(int) -> a
    int zzb() -> a
    int zzb(int) -> b
    int zzc() -> b
com.google.firebase.auth.api.internal.zzdt -> com.google.firebase.auth.M.a.r0:
com.google.firebase.auth.api.internal.zzdv -> com.google.firebase.auth.M.a.s0:
    android.util.SparseArray zza -> a
    1:1:java.lang.String zzb(int):0:0 -> a
    1:1:com.google.firebase.FirebaseException zza(com.google.android.gms.common.api.Status):0 -> a
    2:2:com.google.firebase.FirebaseException zza(com.google.android.gms.common.api.Status):0:0 -> a
    3:3:java.lang.String zzb(int):0:0 -> a
    3:3:com.google.firebase.auth.FirebaseAuthUserCollisionException zza(com.google.android.gms.common.api.Status,com.google.firebase.auth.AuthCredential,java.lang.String,java.lang.String):0 -> a
    4:4:com.google.firebase.auth.FirebaseAuthUserCollisionException zza(com.google.android.gms.common.api.Status,com.google.firebase.auth.AuthCredential,java.lang.String,java.lang.String):0:0 -> a
    5:5:java.lang.Object com.google.android.gms.internal.firebase_auth.zzav.zza(java.lang.Object):0:0 -> a
    5:5:com.google.firebase.auth.zzs zza(com.google.firebase.auth.FirebaseAuth,com.google.android.gms.internal.firebase_auth.zzej,com.google.firebase.auth.FirebaseUser):0 -> a
    java.lang.String zza(int) -> a
    java.lang.String zza(java.lang.String,com.google.android.gms.common.api.Status) -> a